NFC_mobile_app/android-app/app/build/intermediates/manifest_merge_blame_file/debug/manifest-merger-blame-debug-report.txt
1<?xml version="1.0" encoding="utf-8"?>
2<manifest xmlns:android="http://schemas.android.com/apk/res/android"
3    package="com.testbed.nfcrecipetag"
4    android:versionCode="1"
5    android:versionName="1.0" >
6
7    <uses-sdk
8        android:minSdkVersion="24"
9        android:targetSdkVersion="34" />
10
11    <uses-permission android:name="android.permission.NFC" />
11-->src\main\AndroidManifest.xml:4:5-62
11-->src\main\AndroidManifest.xml:4:22-59
12
13    <uses-feature
13-->src\main\AndroidManifest.xml:5:5-81
14        android:name="android.hardware.nfc"
14-->src\main\AndroidManifest.xml:5:19-54
15        android:required="true" />
15-->src\main\AndroidManifest.xml:5:55-78
16
17    <permission
17-->[androidx.core:core:1.12.0] AndroidManifest.xml:22:5-24:47
18        android:name="com.testbed.nfcrecipetag.DYNAMIC_RECEIVER_NOT_EXPORTED_PERMISSION"
18-->[androidx.core:core:1.12.0] AndroidManifest.xml:23:9-81
19        android:protectionLevel="signature" />
19-->[androidx.core:core:1.12.0] AndroidManifest.xml:24:9-44
20
21    <uses-permission android:name="com.testbed.nfcrecipetag.DYNAMIC_RECEIVER_NOT_EXPORTED_PERMISSION" />
21-->[androidx.core:core:1.12.0] AndroidManifest.xml:26:5-97
21-->[androidx.core:core:1.12.0] AndroidManifest.xml:26:22-94
22
23    <application
23-->src\main\AndroidManifest.xml:7:5-62:19
24        android:allowBackup="true"
24-->src\main\AndroidManifest.xml:8:9-35
25        android:appComponentFactory="androidx.core.app.CoreComponentFactory"
25-->[androidx.core:core:1.12.0] AndroidManifest.xml:28:18-86
26        android:debuggable="true"
27        android:extractNativeLibs="false"
28        android:icon="@drawable/ic_launcher_foreground"
28-->src\main\AndroidManifest.xml:9:9-56
29        android:label="@string/app_name"
29-->src\main\AndroidManifest.xml:10:9-41
30        android:roundIcon="@drawable/ic_launcher_foreground"
30-->src\main\AndroidManifest.xml:11:9-61
31        android:supportsRtl="true"
31-->src\main\AndroidManifest.xml:12:9-35
32        android:testOnly="true"
33        android:theme="@style/Theme.NFCRecipeTag" >
33-->src\main\AndroidManifest.xml:13:9-50
34        <activity
34-->src\main\AndroidManifest.xml:14:9-37:20
35            android:name="com.testbed.nfcrecipetag.ui.MainActivity"
35-->src\main\AndroidManifest.xml:15:13-44
36            android:exported="true"
36-->src\main\AndroidManifest.xml:16:13-36
37            android:theme="@style/Theme.NFCRecipeTag" >
37-->src\main\AndroidManifest.xml:17:13-54
38            <intent-filter>
38-->src\main\AndroidManifest.xml:18:13-21:29
39                <action android:name="android.intent.action.MAIN" />
39-->src\main\AndroidManifest.xml:19:17-69
39-->src\main\AndroidManifest.xml:19:25-66
40
41                <category android:name="android.intent.category.LAUNCHER" />
41-->src\main\AndroidManifest.xml:20:17-77
41-->src\main\AndroidManifest.xml:20:27-74
42            </intent-filter>
43            <intent-filter>
43-->src\main\AndroidManifest.xml:22:13-25:29
44                <action android:name="android.nfc.action.NDEF_DISCOVERED" />
44-->src\main\AndroidManifest.xml:23:17-77
44-->src\main\AndroidManifest.xml:23:25-74
45
46                <category android:name="android.intent.category.DEFAULT" />
46-->src\main\AndroidManifest.xml:24:17-76
46-->src\main\AndroidManifest.xml:24:27-73
47            </intent-filter>
48            <intent-filter>
48-->src\main\AndroidManifest.xml:26:13-29:29
49                <action android:name="android.nfc.action.TECH_DISCOVERED" />
49-->src\main\AndroidManifest.xml:27:17-77
49-->src\main\AndroidManifest.xml:27:25-74
50
51                <category android:name="android.intent.category.DEFAULT" />
51-->src\main\AndroidManifest.xml:24:17-76
51-->src\main\AndroidManifest.xml:24:27-73
52            </intent-filter>
53
54            <meta-data
54-->src\main\AndroidManifest.xml:30:13-32:59
55                android:name="android.nfc.action.TECH_DISCOVERED"
55-->src\main\AndroidManifest.xml:31:17-66
56                android:resource="@xml/nfc_tech_filter" />
56-->src\main\AndroidManifest.xml:32:17-56
57
58            <intent-filter>
58-->src\main\AndroidManifest.xml:33:13-36:29
59                <action android:name="android.nfc.action.TAG_DISCOVERED" />
59-->src\main\AndroidManifest.xml:34:17-76
59-->src\main\AndroidManifest.xml:34:25-73
60
61                <category android:name="android.intent.category.DEFAULT" />
61-->src\main\AndroidManifest.xml:24:17-76
61-->src\main\AndroidManifest.xml:24:27-73
62            </intent-filter>
63        </activity>
64        <activity
64-->src\main\AndroidManifest.xml:38:9-41:57
65            android:name="com.testbed.nfcrecipetag.ui.ScanActivity"
65-->src\main\AndroidManifest.xml:39:13-44
66            android:exported="false"
66-->src\main\AndroidManifest.xml:40:13-37
67            android:theme="@style/Theme.NFCRecipeTag" />
67-->src\main\AndroidManifest.xml:41:13-54
68        <activity
68-->src\main\AndroidManifest.xml:42:9-45:57
69            android:name="com.testbed.nfcrecipetag.ui.TagDetailActivity"
69-->src\main\AndroidManifest.xml:43:13-49
70            android:exported="false"
70-->src\main\AndroidManifest.xml:44:13-37
71            android:theme="@style/Theme.NFCRecipeTag" />
71-->src\main\AndroidManifest.xml:45:13-54
72        <activity
72-->src\main\AndroidManifest.xml:46:9-49:57
73            android:name="com.testbed.nfcrecipetag.ui.EditRecipeActivity"
73-->src\main\AndroidManifest.xml:47:13-50
74            android:exported="false"
74-->src\main\AndroidManifest.xml:48:13-37
75            android:theme="@style/Theme.NFCRecipeTag" />
75-->src\main\AndroidManifest.xml:49:13-54
76        <activity
76-->src\main\AndroidManifest.xml:50:9-53:57
77            android:name="com.testbed.nfcrecipetag.ui.WriteTagActivity"
77-->src\main\AndroidManifest.xml:51:13-48
78            android:exported="false"
78-->src\main\AndroidManifest.xml:52:13-37
79            android:theme="@style/Theme.NFCRecipeTag" />
79-->src\main\AndroidManifest.xml:53:13-54
80        <activity
80-->src\main\AndroidManifest.xml:54:9-57:57
81            android:name="com.testbed.nfcrecipetag.ui.BackupsActivity"
81-->src\main\AndroidManifest.xml:55:13-47
82            android:exported="false"
82-->src\main\AndroidManifest.xml:56:13-37
83            android:theme="@style/Theme.NFCRecipeTag" />
83-->src\main\AndroidManifest.xml:57:13-54
84        <activity
84-->src\main\AndroidManifest.xml:58:9-61:57
85            android:name="com.testbed.nfcrecipetag.ui.SettingsActivity"
85-->src\main\AndroidManifest.xml:59:13-48
86            android:exported="false"
86-->src\main\AndroidManifest.xml:60:13-37
87            android:theme="@style/Theme.NFCRecipeTag" />
87-->src\main\AndroidManifest.xml:61:13-54
88
89        <provider
89-->[androidx.emoji2:emoji2:1.2.0] AndroidManifest.xml:24:9-32:20
90            android:name="androidx.startup.InitializationProvider"
90-->[androidx.emoji2:emoji2:1.2.0] AndroidManifest.xml:25:13-67
91            android:authorities="com.testbed.nfcrecipetag.androidx-startup"
91-->[androidx.emoji2:emoji2:1.2.0] AndroidManifest.xml:26:13-68
92            android:exported="false" >
92-->[androidx.emoji2:emoji2:1.2.0] AndroidManifest.xml:27:13-37
93            <meta-data
93-->[androidx.emoji2:emoji2:1.2.0] AndroidManifest.xml:29:13-31:52
94                android:name="androidx.emoji2.text.EmojiCompatInitializer"
94-->[androidx.emoji2:emoji2:1.2.0] AndroidManifest.xml:30:17-75
95                android:value="androidx.startup" />
95-->[androidx.emoji2:emoji2:1.2.0] AndroidManifest.xml:31:17-49
96            <meta-data
96-->[androidx.lifecycle:lifecycle-process:2.7.0] AndroidManifest.xml:29:13-31:52
97                android:name="androidx.lifecycle.ProcessLifecycleInitializer"
97-->[androidx.lifecycle:lifecycle-process:2.7.0] AndroidManifest.xml:30:17-78
98                android:value="androidx.startup" />
98-->[androidx.lifecycle:lifecycle-process:2.7.0] AndroidManifest.xml:31:17-49
99            <meta-data
99-->[androidx.profileinstaller:profileinstaller:1.3.0] AndroidManifest.xml:29:13-31:52
100                android:name="androidx.profileinstaller.ProfileInstallerInitializer"
100-->[androidx.profileinstaller:profileinstaller:1.3.0] AndroidManifest.xml:30:17-85
101                android:value="androidx.startup" />
101-->[androidx.profileinstaller:profileinstaller:1.3.0] AndroidManifest.xml:31:17-49
102        </provider>
103
104        <receiver
104-->[androidx.profileinstaller:profileinstaller:1.3.0] AndroidManifest.xml:34:9-52:20
105            android:name="androidx.profileinstaller.ProfileInstallReceiver"
105-->[androidx.profileinstaller:profileinstaller:1.3.0] AndroidManifest.xml:35:13-76
106            android:directBootAware="false"
106-->[androidx.profileinstaller:profileinstaller:1.3.0] AndroidManifest.xml:36:13-44
107            android:enabled="true"
107-->[androidx.profileinstaller:profileinstaller:1.3.0] AndroidManifest.xml:37:13-35
108            android:exported="true"
108-->[androidx.profileinstaller:profileinstaller:1.3.0] AndroidManifest.xml:38:13-36
109            android:permission="android.permission.DUMP" >
109-->[androidx.profileinstaller:profileinstaller:1.3.0] AndroidManifest.xml:39:13-57
110            <intent-filter>
110-->[androidx.profileinstaller:profileinstaller:1.3.0] AndroidManifest.xml:40:13-42:29
111                <action android:name="androidx.profileinstaller.action.INSTALL_PROFILE" />
111-->[androidx.profileinstaller:profileinstaller:1.3.0] AndroidManifest.xml:41:17-91
111-->[androidx.profileinstaller:profileinstaller:1.3.0] AndroidManifest.xml:41:25-88
112            </intent-filter>
113            <intent-filter>
113-->[androidx.profileinstaller:profileinstaller:1.3.0] AndroidManifest.xml:43:13-45:29
114                <action android:name="androidx.profileinstaller.action.SKIP_FILE" />
114-->[androidx.profileinstaller:profileinstaller:1.3.0] AndroidManifest.xml:44:17-85
114-->[androidx.profileinstaller:profileinstaller:1.3.0] AndroidManifest.xml:44:25-82
115            </intent-filter>
116            <intent-filter>
116-->[androidx.profileinstaller:profileinstaller:1.3.0] AndroidManifest.xml:46:13-48:29
117                <action android:name="androidx.profileinstaller.action.SAVE_PROFILE" />
117-->[androidx.profileinstaller:profileinstaller:1.3.0] AndroidManifest.xml:47:17-88
117-->[androidx.profileinstaller:profileinstaller:1.3.0] AndroidManifest.xml:47:25-85
118            </intent-filter>
119            <intent-filter>
119-->[androidx.profileinstaller:profileinstaller:1.3.0] AndroidManifest.xml:49:13-51:29
120                <action android:name="androidx.profileinstaller.action.BENCHMARK_OPERATION" />
120-->[androidx.profileinstaller:profileinstaller:1.3.0] AndroidManifest.xml:50:17-95
120-->[androidx.profileinstaller:profileinstaller:1.3.0] AndroidManifest.xml:50:25-92
121            </intent-filter>
122        </receiver>
123    </application>
124
125</manifest>